#
# A fatal error has been detected by the Java Runtime Environment:
#
#  SIGSEGV (0xb) at pc=0x00007fec65791a5a, pid=11987, tid=1101338960
#
# JRE version: 6.0_18-b18
# Java VM: OpenJDK 64-Bit Server VM (16.0-b13 mixed mode linux-amd64 )
# Derivative: IcedTea6 1.8.1
# Distribution: Ubuntu 8.04, package 6b18-1.8.1-0ubuntu1~8.04.3
# Problematic frame:
# V  [libjvm.so+0x624a5a]
#
# If you would like to submit a bug report, please include
# instructions how to reproduce the bug and visit:
#   https://bugs.launchpad.net/ubuntu/+source/openjdk-6/
#

---------------  T H R E A D  ---------------

Current thread (0x000000000062b000):  GCTaskThread [stack: 0x0000000041951000,0x0000000041a52000] [id=11995]

siginfo:si_signo=SIGSEGV: si_errno=0, si_code=1 (SEGV_MAPERR), si_addr=0x0000000000000018

Registers:
RAX=0x00007fec65caa928, RBX=0x00007fec2d528f00, RCX=0x0000000000000040, RDX=0x0000000000000000
RSP=0x0000000041a50cf0, RBP=0x0000000041a50da0, RSI=0x0000000000000000, RDI=0x0000000000000010
R8 =0x00007fac1a275580, R9 =0x0000000000002000, R10=0x00007fec2d773db8, R11=0x0000000000001370
R12=0x00007fec6020ee30, R13=0x0000000000000000, R14=0x0000000000680708, R15=0x0000000000680650
RIP=0x00007fec65791a5a, EFL=0x0000000000010246, CSGSFS=0x0000000000000033, ERR=0x0000000000000004
  TRAPNO=0x000000000000000e

Top of Stack: (sp=0x0000000041a50cf0)
0x0000000041a50cf0:   0000000000680680 0100000000680700
0x0000000041a50d00:   0000000000000004 0000000000000400
0x0000000041a50d10:   00000000006248d0 0000000000000020
0x0000000041a50d20:   0000000000680700 0000000000000400
0x0000000041a50d30:   0000000000680650 0000000000001000
0x0000000041a50d40:   00007fec5f8cf398 0100000000680700
0x0000000041a50d50:   00007fec4dc0bd8a 0000000000000400
0x0000000041a50d60:   00000000006248d0 0000000000000028
0x0000000041a50d70:   00007fec2d5f2640 00007fec2d528f00
0x0000000041a50d80:   0000000000680650 00007fec2d529000
0x0000000041a50d90:   0000000000680708 0000000000680700
0x0000000041a50da0:   0000000041a50e40 00007fec6579349e
0x0000000041a50db0:   0000000000680700 0000000000680700
0x0000000041a50dc0:   0000000000680650 00007fec6644fc34
0x0000000041a50dd0:   0000000000000000 000000000062c550
0x0000000041a50de0:   00007fec2d528f00 00007fec6571c9dc
0x0000000041a50df0:   00007fec6644f9f0 0000000041a50dd0
0x0000000041a50e00:   00007fec2d528f00 0000000000000000
0x0000000041a50e10:   000000000062c500 00007fec2d529038
0x0000000041a50e20:   00007fec105b5ec8 00007fec2d529000
0x0000000041a50e30:   00007fec105b5f01 0000000000000240
0x0000000041a50e40:   0000000041a50ee0 00007fec653c59ff
0x0000000041a50e50:   0000000000624940 00007fec105b5f00
0x0000000041a50e60:   00007fec105b5e88 0000000000680650
0x0000000041a50e70:   00007fec2d5f4640 00000000006248f0
0x0000000041a50e80:   0000000000624630 0000000000000080
0x0000000041a50e90:   00007fec105b6524 00007fec2d520ee8
0x0000000041a50ea0:   00007fec105b5e00 00007fec2d530018
0x0000000041a50eb0:   010000000062b000 000000000062f3b0
0x0000000041a50ec0:   0000000000680650 00007fec658d879c
0x0000000041a50ed0:   0000000000000000 000000000062b730
0x0000000041a50ee0:   0000000041a50f00 00007fec65796731 

Instructions: (pc=0x00007fec65791a5a)
0x00007fec65791a4a:   f6 0f 85 77 02 00 00 49 8b 54 24 08 48 8d 7a 10
0x00007fec65791a5a:   8b 4f 08 83 f9 00 0f 8e 87 02 00 00 89 c8 c1 f8 

Stack: [0x0000000041951000,0x0000000041a52000],  sp=0x0000000041a50cf0,  free space=3ff0000000000000000k
Native frames: (J=compiled Java code, j=interpreted, Vv=VM code, C=native code)
V  [libjvm.so+0x624a5a]
V  [libjvm.so+0x62649e]
V  [libjvm.so+0x2589ff]
V  [libjvm.so+0x629731]
V  [libjvm.so+0x38017d]
V  [libjvm.so+0x5d6923]


---------------  P R O C E S S  ---------------

Java Threads: ( => current thread )
  0x00007fec09d4b000 JavaThread "Compiler Processing Task" daemon [_thread_blocked, id=15995, stack(0x00000000412b2000,0x00000000413b3000)]
  0x00000000024d2000 JavaThread "Worker-8" [_thread_blocked, id=12514, stack(0x000000004021b000,0x000000004031c000)]
  0x00000000026ab000 JavaThread "Worker-7" [_thread_blocked, id=12510, stack(0x0000000042947000,0x0000000042a48000)]
  0x0000000002c6e000 JavaThread "Worker-6" [_thread_blocked, id=12508, stack(0x0000000042b49000,0x0000000042c4a000)]
  0x00000000027ec000 JavaThread "Worker-5" [_thread_blocked, id=12504, stack(0x0000000042c4a000,0x0000000042d4b000)]
  0x0000000000eb5800 JavaThread "AWT-XAWT" daemon [_thread_in_native, id=12048, stack(0x0000000042846000,0x0000000042947000)]
  0x00007fec08563000 JavaThread "ws persistance service" daemon [_thread_blocked, id=12047, stack(0x0000000042745000,0x0000000042846000)]
  0x00007fec08d35800 JavaThread "Workspace events" [_thread_blocked, id=12046, stack(0x0000000042644000,0x0000000042745000)]
  0x00007fec085d3000 JavaThread "Java2D Disposer" daemon [_thread_blocked, id=12045, stack(0x000000004011a000,0x000000004021b000)]
  0x000000000189b000 JavaThread "HSQLDB Timer @56377813" daemon [_thread_blocked, id=12040, stack(0x0000000040a69000,0x0000000040b6a000)]
  0x00007fec080fd800 JavaThread "ReaderThread" [_thread_in_native, id=12039, stack(0x0000000040bff000,0x0000000040d00000)]
  0x00007fec085a1800 JavaThread "Thread-4" [_thread_blocked, id=12038, stack(0x0000000042543000,0x0000000042644000)]
  0x0000000001757000 JavaThread "Thread-3" [_thread_blocked, id=12037, stack(0x0000000042442000,0x0000000042543000)]
  0x00000000008e1000 JavaThread "Worker-4" [_thread_blocked, id=12036, stack(0x0000000042341000,0x0000000042442000)]
  0x00007fec08d58000 JavaThread "WorkbenchTestable" [_thread_blocked, id=12035, stack(0x000000004054f000,0x0000000040650000)]
  0x0000000001736000 JavaThread "Worker-3" [_thread_blocked, id=12034, stack(0x0000000042240000,0x0000000042341000)]
  0x00007fec08383000 JavaThread "Worker-2" [_thread_blocked, id=12033, stack(0x000000004213f000,0x0000000042240000)]
  0x0000000000d84000 JavaThread "Worker-1" [_thread_blocked, id=12032, stack(0x000000004090f000,0x0000000040a10000)]
  0x0000000001572800 JavaThread "Java indexing" daemon [_thread_blocked, id=12029, stack(0x0000000041512000,0x0000000041613000)]
  0x0000000000d81800 JavaThread "Worker-0" [_thread_blocked, id=12027, stack(0x000000004203e000,0x000000004213f000)]
  0x0000000000d36800 JavaThread "Bundle File Closer" daemon [_thread_blocked, id=12019, stack(0x0000000041dde000,0x0000000041edf000)]
  0x00007fec0816a800 JavaThread "Start Level Event Dispatcher" daemon [_thread_blocked, id=12017, stack(0x0000000041a52000,0x0000000041b53000)]
  0x00007fec08092800 JavaThread "Framework Event Dispatcher" daemon [_thread_blocked, id=12016, stack(0x000000004080e000,0x000000004090f000)]
  0x00000000006dd000 JavaThread "Low Memory Detector" daemon [_thread_blocked, id=12011, stack(0x0000000041f3d000,0x000000004203e000)]
  0x00000000006da800 JavaThread "CompilerThread1" daemon [_thread_blocked, id=12010, stack(0x00000000411b1000,0x00000000412b2000)]
  0x00000000006d5000 JavaThread "CompilerThread0" daemon [_thread_blocked, id=12009, stack(0x0000000040ea9000,0x0000000040faa000)]
  0x00000000006be800 JavaThread "JDWP Command Reader" daemon [_thread_in_native, id=12006, stack(0x0000000040da8000,0x0000000040ea9000)]
  0x00000000006bb800 JavaThread "JDWP Event Helper Thread" daemon [_thread_blocked, id=12004, stack(0x0000000041411000,0x0000000041512000)]
  0x00000000006b8000 JavaThread "JDWP Transport Listener: dt_socket" daemon [_thread_blocked, id=12002, stack(0x00000000410b0000,0x00000000411b1000)]
  0x00000000006ac000 JavaThread "Signal Dispatcher" daemon [_thread_blocked, id=11999, stack(0x000000004070d000,0x000000004080e000)]
  0x0000000000688800 JavaThread "Finalizer" daemon [_thread_blocked, id=11998, stack(0x000000004176d000,0x000000004186e000)]
  0x0000000000686800 JavaThread "Reference Handler" daemon [_thread_blocked, id=11997, stack(0x0000000040faf000,0x00000000410b0000)]
  0x000000000061e800 JavaThread "main" [_thread_blocked, id=11989, stack(0x000000004166c000,0x000000004176d000)]

Other Threads:
  0x0000000000682000 VMThread [stack: 0x0000000041bdc000,0x0000000041cdd000] [id=11996]
  0x00000000006df800 WatcherThread [stack: 0x0000000041cdd000,0x0000000041dde000] [id=12012]

=>0x000000000062b000 (exited) GCTaskThread [stack: 0x0000000041951000,0x0000000041a52000] [id=11995]

VM state:at safepoint (normal execution)

VM Mutex/Monitor currently owned by a thread:  ([mutex/lock_event])
[0x000000000061b740] Threads_lock - owner thread: 0x0000000000682000
[0x000000000061bc40] Heap_lock - owner thread: 0x000000000061e800

Heap
 PSYoungGen      total 343360K, used 341760K [0x00007fec4b200000, 0x00007fec60750000, 0x00007fec60750000)
  eden space 338176K, 100% used [0x00007fec4b200000,0x00007fec5fc40000,0x00007fec5fc40000)
  from space 5184K, 69% used [0x00007fec5fc40000,0x00007fec5ffc0030,0x00007fec60150000)
  to   space 5568K, 24% used [0x00007fec601e0000,0x00007fec60330000,0x00007fec60750000)
 PSOldGen        total 392384K, used 213971K [0x00007fec20750000, 0x00007fec38680000, 0x00007fec4b200000)
  object space 392384K, 54% used [0x00007fec20750000,0x00007fec2d844dc0,0x00007fec38680000)
 PSPermGen       total 184640K, used 121962K [0x00007fec10750000, 0x00007fec1bba0000, 0x00007fec20750000)
  object space 184640K, 66% used [0x00007fec10750000,0x00007fec17e6a8c8,0x00007fec1bba0000)

Dynamic libraries:
00400000-0040a000 r-xp 00000000 08:21 11231421                           /usr/lib/jvm/java-6-openjdk/jre/bin/java
00609000-0060a000 rw-p 00009000 08:21 11231421                           /usr/lib/jvm/java-6-openjdk/jre/bin/java
0060a000-055fe000 rw-p 0060a000 00:00 0                                  [heap]
4011a000-4011d000 ---p 4011a000 00:00 0 
4011d000-4021b000 rw-p 4011d000 00:00 0 
4021b000-4021e000 ---p 4021b000 00:00 0 
4021e000-4031c000 rw-p 4021e000 00:00 0 
403ed000-403ee000 ---p 403ed000 00:00 0 
403ee000-404ee000 rw-p 403ee000 00:00 0 
4054f000-40552000 ---p 4054f000 00:00 0 
40552000-40650000 rw-p 40552000 00:00 0 
4070d000-40710000 ---p 4070d000 00:00 0 
40710000-4080e000 rw-p 40710000 00:00 0 
4080e000-40811000 ---p 4080e000 00:00 0 
40811000-4090f000 rw-p 40811000 00:00 0 
4090f000-40912000 ---p 4090f000 00:00 0 
40912000-40a10000 rw-p 40912000 00:00 0 
40a69000-40a6c000 ---p 40a69000 00:00 0 
40a6c000-40b6a000 rw-p 40a6c000 00:00 0 
40bff000-40c02000 ---p 40bff000 00:00 0 
40c02000-40d00000 rw-p 40c02000 00:00 0 
40da8000-40dab000 ---p 40da8000 00:00 0 
40dab000-40ea9000 rw-p 40dab000 00:00 0 
40ea9000-40eac000 ---p 40ea9000 00:00 0 
40eac000-40faa000 rw-p 40eac000 00:00 0 
40faf000-40fb2000 ---p 40faf000 00:00 0 
40fb2000-410b0000 rw-p 40fb2000 00:00 0 
410b0000-410b3000 ---p 410b0000 00:00 0 
410b3000-411b1000 rw-p 410b3000 00:00 0 
411b1000-411b4000 ---p 411b1000 00:00 0 
411b4000-412b2000 rw-p 411b4000 00:00 0 
412b2000-412b5000 ---p 412b2000 00:00 0 
412b5000-413b3000 rw-p 412b5000 00:00 0 
41411000-41414000 ---p 41411000 00:00 0 
41414000-41512000 rw-p 41414000 00:00 0 
41512000-41515000 ---p 41512000 00:00 0 
41515000-41613000 rw-p 41515000 00:00 0 
4166c000-4166f000 ---p 4166c000 00:00 0 
4166f000-4176d000 rw-p 4166f000 00:00 0 
4176d000-41770000 ---p 4176d000 00:00 0 
41770000-4186e000 rw-p 41770000 00:00 0 
41951000-41952000 ---p 41951000 00:00 0 
41952000-41a52000 rw-p 41952000 00:00 0 
41a52000-41a55000 ---p 41a52000 00:00 0 
41a55000-41b53000 rw-p 41a55000 00:00 0 
41bdc000-41bdd000 ---p 41bdc000 00:00 0 
41bdd000-41cdd000 rw-p 41bdd000 00:00 0 
41cdd000-41cde000 ---p 41cdd000 00:00 0 
41cde000-41dde000 rw-p 41cde000 00:00 0 
41dde000-41de1000 ---p 41dde000 00:00 0 
41de1000-41edf000 rw-p 41de1000 00:00 0 
41f3d000-41f40000 ---p 41f3d000 00:00 0 
41f40000-4203e000 rw-p 41f40000 00:00 0 
4203e000-42041000 ---p 4203e000 00:00 0 
42041000-4213f000 rw-p 42041000 00:00 0 
4213f000-42142000 ---p 4213f000 00:00 0 
42142000-42240000 rw-p 42142000 00:00 0 
42240000-42243000 ---p 42240000 00:00 0 
42243000-42341000 rw-p 42243000 00:00 0 
42341000-42344000 ---p 42341000 00:00 0 
42344000-42442000 rw-p 42344000 00:00 0 
42442000-42445000 ---p 42442000 00:00 0 
42445000-42543000 rw-p 42445000 00:00 0 
42543000-42546000 ---p 42543000 00:00 0 
42546000-42644000 rw-p 42546000 00:00 0 
42644000-42647000 ---p 42644000 00:00 0 
42647000-42745000 rw-p 42647000 00:00 0 
42745000-42748000 ---p 42745000 00:00 0 
42748000-42846000 rw-p 42748000 00:00 0 
42846000-42849000 ---p 42846000 00:00 0 
42849000-42947000 rw-p 42849000 00:00 0 
42947000-4294a000 ---p 42947000 00:00 0 
4294a000-42a48000 rw-p 4294a000 00:00 0 
42a48000-42a4b000 ---p 42a48000 00:00 0 
42a4b000-42b49000 rw-p 42a4b000 00:00 0 
42b49000-42b4c000 ---p 42b49000 00:00 0 
42b4c000-42c4a000 rw-p 42b4c000 00:00 0 
42c4a000-42c4d000 ---p 42c4a000 00:00 0 
42c4d000-42d4b000 rw-p 42c4d000 00:00 0 
42d4b000-42d4e000 ---p 42d4b000 00:00 0 
42d4e000-42e4c000 rw-p 42d4e000 00:00 0 
42e4c000-42e4f000 ---p 42e4c000 00:00 0 
42e4f000-42f4d000 rw-p 42e4f000 00:00 0 
42f4d000-42f50000 ---p 42f4d000 00:00 0 
42f50000-4304e000 rw-p 42f50000 00:00 0 
4304e000-43051000 ---p 4304e000 00:00 0 
43051000-4314f000 rw-p 43051000 00:00 0 
4314f000-43152000 ---p 4314f000 00:00 0 
43152000-43250000 rw-p 43152000 00:00 0 
43250000-43253000 ---p 43250000 00:00 0 
43253000-43351000 rw-p 43253000 00:00 0 
43351000-43354000 ---p 43351000 00:00 0 
43354000-43452000 rw-p 43354000 00:00 0 
7febf4000000-7febf6c89000 rw-p 7febf4000000 00:00 0 
7febf6c89000-7febf8000000 ---p 7febf6c89000 00:00 0 
7febfc000000-7febfe57c000 rw-p 7febfc000000 00:00 0 
7febfe57c000-7fec00000000 ---p 7febfe57c000 00:00 0 
7fec03de4000-7fec03e5f000 r--p 00000000 08:21 10575988                   /usr/share/fonts/truetype/ttf-dejavu/DejaVuSans-Oblique.ttf
7fec03e5f000-7fec03e71000 r-xp 00000000 08:21 6710159                    /lib/libresolv-2.7.so
7fec03e71000-7fec04071000 ---p 00012000 08:21 6710159                    /lib/libresolv-2.7.so
7fec04071000-7fec04073000 rw-p 00012000 08:21 6710159                    /lib/libresolv-2.7.so
7fec04073000-7fec04075000 rw-p 7fec04073000 00:00 0 
7fec04075000-7fec04079000 r-xp 00000000 08:21 6710152                    /lib/libnss_dns-2.7.so
7fec04079000-7fec04279000 ---p 00004000 08:21 6710152                    /lib/libnss_dns-2.7.so
7fec04279000-7fec0427b000 rw-p 00004000 08:21 6710152                    /lib/libnss_dns-2.7.so
7fec0427b000-7fec0427d000 r-xp 00000000 08:21 6709342                    /lib/libnss_mdns4_minimal.so.2
7fec0427d000-7fec0447c000 ---p 00002000 08:21 6709342                    /lib/libnss_mdns4_minimal.so.2
7fec0447c000-7fec0447d000 rw-p 00001000 08:21 6709342                    /lib/libnss_mdns4_minimal.so.2
7fec04541000-7fec045d0000 r--s 008cb000 08:21 2705584                    /home/etienne/eclipse/eclipse/plugins/org.eclipse.jdt.ui_3.5.0.v20090604.jar
7fec045d0000-7fec045d2000 r-xp 00000000 08:21 3654872                    /home/etienne/eclipse/workspaces/cadse.all/.metadata/.plugins/org.eclipse.pde.core/pde-junit/org.eclipse.osgi/bundles/235/1/.cp/os/linux/x86_64/liblocalfile_1_0_0.so
7fec045d2000-7fec046d1000 ---p 00002000 08:21 3654872                    /home/etienne/eclipse/workspaces/cadse.all/.metadata/.plugins/org.eclipse.pde.core/pde-junit/org.eclipse.osgi/bundles/235/1/.cp/os/linux/x86_64/liblocalfile_1_0_0.so
7fec046d1000-7fec046d2000 rw-p 00001000 08:21 3654872                    /home/etienne/eclipse/workspaces/cadse.all/.metadata/.plugins/org.eclipse.pde.core/pde-junit/org.eclipse.osgi/bundles/235/1/.cp/os/linux/x86_64/liblocalfile_1_0_0.so
7fec046d2000-7fec04718000 r-xp 00000000 08:21 11231245                   /usr/lib/jvm/java-6-openjdk/jre/lib/amd64/libfontmanager.so
7fec04718000-7fec04918000 ---p 00046000 08:21 11231245                   /usr/lib/jvm/java-6-openjdk/jre/lib/amd64/libfontmanager.so
7fec04918000-7fec0491b000 rw-p 00046000 08:21 11231245                   /usr/lib/jvm/java-6-openjdk/jre/lib/amd64/libfontmanager.so
7fec0491b000-7fec0492c000 rw-p 7fec0491b000 00:00 0 
7fec0492c000-7fec04978000 r-xp 00000000 08:21 11231448                   /usr/lib/jvm/java-6-openjdk/jre/lib/amd64/xawt/libmawt.so
7fec04978000-7fec04b78000 ---p 0004c000 08:21 11231448                   /usr/lib/jvm/java-6-openjdk/jre/lib/amd64/xawt/libmawt.so
7fec04b78000-7fec04b7b000 rw-p 0004c000 08:21 11231448                   /usr/lib/jvm/java-6-openjdk/jre/lib/amd64/xawt/libmawt.so
7fec04b7b000-7fec04b7d000 rw-p 7fec04b7b000 00:00 0 
7fec04b7d000-7fec04c15000 r-xp 00000000 08:21 11231243                   /usr/lib/jvm/java-6-openjdk/jre/lib/amd64/libawt.so
7fec04c15000-7fec04e14000 ---p 00098000 08:21 11231243                   /usr/lib/jvm/java-6-openjdk/jre/lib/amd64/libawt.so
7fec04e14000-7fec04e1f000 rw-p 00097000 08:21 11231243                   /usr/lib/jvm/java-6-openjdk/jre/lib/amd64/libawt.so
7fec04e1f000-7fec04e44000 rw-p 7fec04e1f000 00:00 0 
7fec04e44000-7fec04ecb000 r--p 00000000 08:21 10575985                   /usr/share/fonts/truetype/ttf-dejavu/DejaVuSans-Bold.ttf
7fec04ecb000-7fec04ed2000 r-xp 00000000 08:21 3459107                    /home/etienne/eclipse/workspaces/cadse.all/.metadata/.plugins/org.eclipse.pde.core/pde-junit/org.eclipse.osgi/bundles/729/1/.cp/libswt-xpcominit-gtk-3550.so
7fec04ed2000-7fec04fd2000 ---p 00007000 08:21 3459107                    /home/etienne/eclipse/workspaces/cadse.all/.metadata/.plugins/org.eclipse.pde.core/pde-junit/org.eclipse.osgi/bundles/729/1/.cp/libswt-xpcominit-gtk-3550.so
7fec04fd2000-7fec04fd4000 rw-p 00007000 08:21 3459107                    /home/etienne/eclipse/workspaces/cadse.all/.metadata/.plugins/org.eclipse.pde.core/pde-junit/org.eclipse.osgi/bundles/729/1/.cp/libswt-xpcominit-gtk-3550.so
7fec05015000-7fec0505a000 r--s 00400000 08:21 2713098                    /home/etienne/eclipse/eclipse/plugins/org.codehaus.groovy_1.7.0.xx-20100115-0900-e35-RELEASE/lib/groovy-1.7.0.jar
7fec0505c000-7fec0508b000 r--s 00227000 08:21 2705740                    /home/etienne/eclipse/eclipse/plugins/org.eclipse.debug.ui_3.5.0.v20090603.jar
7fec0508b000-7fec050b5000 r--s 00418000 08:21 5390379                    /home/etienne/eclipse/eclipse/plugins/org.eclipse.jdt.core_3.5.1.xx-20100115-0900-e35-RELEASE.jar
7fec050b9000-7fec050c8000 r--s 0008b000 08:21 2703439                    /home/etienne/eclipse/eclipse/plugins/org.eclipse.swtbot.swt.finder_2.0.0.536-dev-e35.jar
7fec050c8000-7fec0510d000 r--s 0039d000 08:21 2705803                    /home/etienne/eclipse/eclipse/plugins/org.eclipse.ui.workbench_3.5.0.I20090603-2000.jar
7fec0510d000-7fec0512b000 r--s 00152000 08:21 2704645                    /home/etienne/eclipse/eclipse/plugins/org.eclipse.mylyn.tasks.ui_3.2.3.v20100217-0100-e3x.jar
7fec0512b000-7fec05137000 r-xp 00000000 08:21 3457382                    /home/etienne/eclipse/workspaces/cadse.all/.metadata/.plugins/org.eclipse.pde.core/pde-junit/org.eclipse.osgi/bundles/729/1/.cp/libswt-cairo-gtk-3550.so
7fec05137000-7fec05237000 ---p 0000c000 08:21 3457382                    /home/etienne/eclipse/workspaces/cadse.all/.metadata/.plugins/org.eclipse.pde.core/pde-junit/org.eclipse.osgi/bundles/729/1/.cp/libswt-cairo-gtk-3550.so
7fec05237000-7fec05238000 rw-p 0000c000 08:21 3457382                    /home/etienne/eclipse/workspaces/cadse.all/.metadata/.plugins/org.eclipse.pde.core/pde-junit/org.eclipse.osgi/bundles/729/1/.cp/libswt-cairo-gtk-3550.so
7fec05238000-7fec0523f000 r-xp 00000000 08:21 3457375                    /home/etienne/eclipse/workspaces/cadse.all/.metadata/.plugins/org.eclipse.pde.core/pde-junit/org.eclipse.osgi/bundles/729/1/.cp/libswt-atk-gtk-3550.so
7fec0523f000-7fec0533e000 ---p 00007000 08:21 3457375                    /home/etienne/eclipse/workspaces/cadse.all/.metadata/.plugins/org.eclipse.pde.core/pde-junit/org.eclipse.osgi/bundles/729/1/.cp/libswt-atk-gtk-3550.so
7fec0533e000-7fec0533f000 rw-p 00006000 08:21 3457375                    /home/etienne/eclipse/workspaces/cadse.all/.metadata/.plugins/org.eclipse.pde.core/pde-junit/org.eclipse.osgi/bundles/729/1/.cp/libswt-atk-gtk-3550.so
7fec0533f000-7fec05340000 r-xp 00000000 08:21 10486453                   /usr/lib/gtk-2.0/2.10.0/immodules/im-cedilla.so
7fec05340000-7fec05540000 ---p 00001000 08:21 10486453                   /usr/lib/gtk-2.0/2.10.0/immodules/im-cedilla.so
7fec05540000-7fec05541000 rw-p 00001000 08:21 10486453                   /usr/lib/gtk-2.0/2.10.0/immodules/im-cedilla.so
7fec05541000-7fec05543000 r-xp 00000000 08:21 10504468                   /usr/lib/pango/1.6.0/modules/pango-basic-fc.so
7fec05543000-7fec05742000 ---p 00002000 08:21 10504468                   /usr/lib/pango/1.6.0/modules/pango-basic-fc.so
7fec05742000-7fec05743000 rw-p 00001000 08:21 10504468                   /usr/lib/pango/1.6.0/modules/pango-basic-fc.so
7fec05743000-7fec05747000 r-xp 00000000 08:21 10486335                   /usr/lib/gtk-2.0/2.10.0/loaders/libpixbufloader-png.so
7fec05747000-7fec05947000 ---p 00004000 08:21 10486335                   /usr/lib/gtk-2.0/2.10.0/loaders/libpixbufloader-png.so
7fec05947000-7fec05948000 rw-p 00004000 08:21 10486335                   /usr/lib/gtk-2.0/2.10.0/loaders/libpixbufloader-png.so
7fec05948000-7fec0594e000 r-xp 00000000 08:21 10486331                   /usr/lib/gtk-2.0/2.10.0/loaders/libpixbufloader-gif.so
7fec0594e000-7fec05b4d000 ---p 00006000 08:21 10486331                   /usr/lib/gtk-2.0/2.10.0/loaders/libpixbufloader-gif.so
7fec05b4d000-7fec05b4e000 rw-p 00005000 08:21 10486331                   /usr/lib/gtk-2.0/2.10.0/loaders/libpixbufloader-gif.so
7fec05b4e000-7fec05b62000 r-xp 00000000 08:21 10486517                   /usr/lib/gtk-2.0/2.10.0/engines/libmurrine.so
7fec05b62000-7fec05d61000 ---p 00014000 08:21 10486517                   /usr/lib/gtk-2.0/2.10.0/engines/libmurrine.so
7fec05d61000-7fec05d62000 rw-p 00013000 08:21 10486517                   /usr/lib/gtk-2.0/2.10.0/engines/libmurrine.so
7fec05d62000-7fec05d67000 r-xp 00000000 08:21 10462683                   /usr/lib/libXdmcp.so.6.0.0
7fec05d67000-7fec05f66000 ---p 00005000 08:21 10462683                   /usr/lib/libXdmcp.so.6.0.0
7fec05f66000-7fec05f67000 rw-p 00004000 08:21 10462683                   /usr/lib/libXdmcp.so.6.0.0
7fec05f67000-7fec05f89000 r-xp 00000000 08:21 11223594                   /usr/lib/libexpat.so.1.5.2
7fec05f89000-7fec06189000 ---p 00022000 08:21 11223594                   /usr/lib/libexpat.so.1.5.2
7fec06189000-7fec0618b000 rw-p 00022000 08:21 11223594                   /usr/lib/libexpat.so.1.5.2
7fec0618b000-7fec0618d000 r-xp 00000000 08:21 10462672                   /usr/lib/libXau.so.6.0.0
7fec0618d000-7fec0638c000 ---p 00002000 08:21 10462672                   /usr/lib/libXau.so.6.0.0
7fec0638c000-7fec0638d000 rw-p 00001000 08:21 10462672                   /usr/lib/libXau.so.6.0.0
7fec0638d000-7fec0639a000 r-xp 00000000 08:21 6709372                    /lib/libgcc_s.so.1
7fec0639a000-7fec0659a000 ---p 0000d000 08:21 6709372                    /lib/libgcc_s.so.1
7fec0659a000-7fec0659b000 rw-p 0000d000 08:21 6709372                    /lib/libgcc_s.so.1
7fec0659b000-7fec0668a000 r-xp 00000000 08:21 11224879                   /usr/lib/libstdc++.so.6.0.9
7fec0668a000-7fec0688a000 ---p 000ef000 08:21 11224879                   /usr/lib/libstdc++.so.6.0.9
7fec0688a000-7fec06890000 r--p 000ef000 08:21 11224879                   /usr/lib/libstdc++.so.6.0.9
7fec06890000-7fec06893000 rw-p 000f5000 08:21 11224879                   /usr/lib/libstdc++.so.6.0.9
7fec06893000-7fec068a6000 rw-p 7fec06893000 00:00 0 
7fec068a6000-7fec068d2000 r-xp 00000000 08:21 10463266                   /usr/lib/libpixman-1.so.0.10.0
7fec068d2000-7fec06ad2000 ---p 0002c000 08:21 10463266                   /usr/lib/libpixman-1.so.0.10.0
7fec06ad2000-7fec06ad4000 rw-p 0002c000 08:21 10463266                   /usr/lib/libpixman-1.so.0.10.0
7fec06ad4000-7fec06af8000 r-xp 00000000 08:21 11223058                   /usr/lib/libpng12.so.0.15.0
7fec06af8000-7fec06cf8000 ---p 00024000 08:21 11223058                   /usr/lib/libpng12.so.0.15.0
7fec06cf8000-7fec06cf9000 rw-p 00024000 08:21 11223058                   /usr/lib/libpng12.so.0.15.0
7fec06cf9000-7fec06d1e000 r-xp 00000000 08:21 10461346                   /usr/lib/libpcre.so.3.12.1
7fec06d1e000-7fec06f1e000 ---p 00025000 08:21 10461346                   /usr/lib/libpcre.so.3.12.1
7fec06f1e000-7fec06f1f000 rw-p 00025000 08:21 10461346                   /usr/lib/libpcre.so.3.12.1
7fec06f1f000-7fec06f3a000 r-xp 00000000 08:21 10463412                   /usr/lib/libxcb.so.1.0.0
7fec06f3a000-7fec07139000 ---p 0001b000 08:21 10463412                   /usr/lib/libxcb.so.1.0.0
7fec07139000-7fec0713a000 rw-p 0001a000 08:21 10463412                   /usr/lib/libxcb.so.1.0.0
7fec0713a000-7fec0713b000 r-xp 00000000 08:21 10463410                   /usr/lib/libxcb-xlib.so.0.0.0
7fec0713b000-7fec0733a000 ---p 00001000 08:21 10463410                   /usr/lib/libxcb-xlib.so.0.0.0
7fec0733a000-7fec0733b000 rw-p 00000000 08:21 10463410                   /usr/lib/libxcb-xlib.so.0.0.0
7fec0733b000-7fec073b4000 r-xp 00000000 08:21 10464578                   /usr/lib/libfreetype.so.6.3.16
7fec073b4000-7fec075b3000 ---p 00079000 08:21 10464578                   /usr/lib/libfreetype.so.6.3.16
7fec075b3000-7fec075b8000 rw-p 00078000 08:21 10464578                   /usr/lib/libfreetype.so.6.3.16
7fec075b8000-7fec075e3000 r-xp 00000000 08:21 10463060                   /usr/lib/libpangoft2-1.0.so.0.2002.3
7fec075e3000-7fec077e3000 ---p 0002b000 08:21 10463060                   /usr/lib/libpangoft2-1.0.so.0.2002.3
7fec077e3000-7fec077e4000 rw-p 0002b000 08:21 10463060                   /usr/lib/libpangoft2-1.0.so.0.2002.3
7fec077e4000-7fec077ed000 r-xp 00000000 08:21 10462679                   /usr/lib/libXcursor.so.1.0.2
7fec077ed000-7fec079ed000 ---p 00009000 08:21 10462679                   /usr/lib/libXcursor.so.1.0.2
7fec079ed000-7fec079ee000 rw-p 00009000 08:21 10462679                   /usr/lib/libXcursor.so.1.0.2
7fec079ee000-7fec079f5000 r-xp 00000000 08:21 10462707                   /usr/lib/libXrandr.so.2.1.0
7fec079f5000-7fec07bf4000 ---p 00007000 08:21 10462707                   /usr/lib/libXrandr.so.2.1.0
7fec07bf4000-7fec07bf5000 rw-p 00006000 08:21 10462707                   /usr/lib/libXrandr.so.2.1.0
7fec07bf5000-7fec07bfe000 r-xp 00000000 08:21 10462695                   /usr/lib/libXi.so.6.0.0
7fec07bfe000-7fec07dfd000 ---p 00009000 08:21 10462695                   /usr/lib/libXi.so.6.0.0
7fec07dfd000-7fec07dfe000 rw-p 00008000 08:21 10462695                   /usr/lib/libXi.so.6.0.0
7fec07dfe000-7fec07e00000 r-xp 00000000 08:21 10462697                   /usr/lib/libXinerama.so.1.0.0
7fec07e00000-7fec07fff000 ---p 00002000 08:21 10462697                   /usr/lib/libXinerama.so.1.0.0
7fec07fff000-7fec08000000 rw-p 00001000 08:21 10462697                   /usr/lib/libXinerama.so.1.0.0
7fec08000000-7fec0bffb000 rw-p 7fec08000000 00:00 0 
7fec0bffb000-7fec0c000000 ---p 7fec0bffb000 00:00 0 
7fec0c01f000-7fec0c042000 r--s 001d5000 08:21 2704826                    /home/etienne/eclipse/eclipse/plugins/org.eclipse.ui.ide_3.5.0.I20090525-2000.jar
7fec0c04d000-7fec0c060000 r--s 0020c000 08:21 2705819                    /home/etienne/eclipse/eclipse/plugins/org.eclipse.swt.gtk.linux.x86_64_3.5.0.v3550b.jar
7fec0c060000-7fec0c074000 r--s 000ef000 08:21 2704832                    /home/etienne/eclipse/eclipse/plugins/org.eclipse.jface_3.5.0.I20090525-2000.jar
7fec0c074000-7fec0c0bb000 r--s 003ad000 08:21 2705720                    /home/etienne/eclipse/eclipse/plugins/org.eclipse.pde.ui_3.5.0.v20090528.jar
7fec0c0bb000-7fec0c0d4000 r--s 0012b000 08:21 2703450                    /home/etienne/eclipse/eclipse/plugins/com.vectrace.MercurialEclipse_1.6.0.v201005111545.jar
7fec0c0d4000-7fec0c165000 r--p 00000000 08:21 10575989                   /usr/share/fonts/truetype/ttf-dejavu/DejaVuSans.ttf
7fec0c165000-7fec0c16e000 r-xp 00000000 08:21 10462709                   /usr/lib/libXrender.so.1.3.0
7fec0c16e000-7fec0c36d000 ---p 00009000 08:21 10462709                   /usr/lib/libXrender.so.1.3.0
7fec0c36d000-7fec0c36e000 rw-p 00008000 08:21 10462709                   /usr/lib/libXrender.so.1.3.0
7fec0c36e000-7fec0c39d000 r-xp 00000000 08:21 10462881                   /usr/lib/libfontconfig.so.1.3.0
7fec0c39d000-7fec0c59d000 ---p 0002f000 08:21 10462881                   /usr/lib/libfontconfig.so.1.3.0
7fec0c59d000-7fec0c59f000 rw-p 0002f000 08:21 10462881                   /usr/lib/libfontconfig.so.1.3.0
7fec0c59f000-7fec0c5b0000 r-xp 00000000 08:21 10462687                   /usr/lib/libXext.so.6.4.0
7fec0c5b0000-7fec0c7af000 ---p 00011000 08:21 10462687                   /usr/lib/libXext.so.6.4.0
7fec0c7af000-7fec0c7b0000 rw-p 00010000 08:21 10462687                   /usr/lib/libXext.so.6.4.0
7fec0c7b0000-7fec0c819000 r-xp 00000000 08:21 10462776                   /usr/lib/libcairo.so.2.17.3
7fec0c819000-7fec0ca18000 ---p 00069000 08:21 10462776                   /usr/lib/libcairo.so.2.17.3
7fec0ca18000-7fec0ca1b000 rw-p 00068000 08:21 10462776                   /usr/lib/libcairo.so.2.17.3
7fec0ca1b000-7fec0cada000 r-xp 00000000 08:21 10469530                   /usr/lib/libglib-2.0.so.0.1600.6
7fec0cada000-7fec0ccd9000 ---p 000bf000 08:21 10469530                   /usr/lib/libglib-2.0.so.0.1600.6
7fec0ccd9000-7fec0ccdb000 rw-p 000be000 08:21 10469530                   /usr/lib/libglib-2.0.so.0.1600.6
7fec0ccdb000-7fec0ccde000 r-xp 00000000 08:21 10469531                   /usr/lib/libgmodule-2.0.so.0.1600.6
7fec0ccde000-7fec0cedd000 ---p 00003000 08:21 10469531                   /usr/lib/libgmodule-2.0.so.0.1600.6
7fec0cedd000-7fec0cede000 rw-p 00002000 08:21 10469531                   /usr/lib/libgmodule-2.0.so.0.1600.6
7fec0cede000-7fec0cf21000 r-xp 00000000 08:21 10469532                   /usr/lib/libgobject-2.0.so.0.1600.6
7fec0cf21000-7fec0d121000 ---p 00043000 08:21 10469532                   /usr/lib/libgobject-2.0.so.0.1600.6
7fec0d121000-7fec0d123000 rw-p 00043000 08:21 10469532                   /usr/lib/libgobject-2.0.so.0.1600.6
7fec0d123000-7fec0d141000 r-xp 00000000 08:21 10462741                   /usr/lib/libatk-1.0.so.0.2209.1
7fec0d141000-7fec0d340000 ---p 0001e000 08:21 10462741                   /usr/lib/libatk-1.0.so.0.2209.1
7fec0d340000-7fec0d343000 rw-p 0001d000 08:21 10462741                   /usr/lib/libatk-1.0.so.0.2209.1
7fec0d343000-7fec0d348000 r-xp 00000000 08:21 10462689                   /usr/lib/libXfixes.so.3.1.0
7fec0d348000-7fec0d547000 ---p 00005000 08:21 10462689                   /usr/lib/libXfixes.so.3.1.0
7fec0d547000-7fec0d548000 rw-p 00004000 08:21 10462689                   /usr/lib/libXfixes.so.3.1.0
7fec0d548000-7fec0d54a000 r-xp 00000000 08:21 10462681                   /usr/lib/libXdamage.so.1.1.0
7fec0d54a000-7fec0d749000 ---p 00002000 08:21 10462681                   /usr/lib/libXdamage.so.1.1.0
7fec0d749000-7fec0d74a000 rw-p 00001000 08:21 10462681                   /usr/lib/libXdamage.so.1.1.0
7fec0d74a000-7fec0d74c000 r-xp 00000000 08:21 10462677                   /usr/lib/libXcomposite.so.1.0.0
7fec0d74c000-7fec0d94b000 ---p 00002000 08:21 10462677                   /usr/lib/libXcomposite.so.1.0.0
7fec0d94b000-7fec0d94c000 rw-p 00001000 08:21 10462677                   /usr/lib/libXcomposite.so.1.0.0
7fec0d94c000-7fec0da4b000 r-xp 00000000 08:21 10462666                   /usr/lib/libX11.so.6.2.0
7fec0da4b000-7fec0dc4a000 ---p 000ff000 08:21 10462666                   /usr/lib/libX11.so.6.2.0
7fec0dc4a000-7fec0dc4f000 rw-p 000fe000 08:21 10462666                   /usr/lib/libX11.so.6.2.0
7fec0dc4f000-7fec0dc91000 r-xp 00000000 08:21 10462106                   /usr/lib/libpango-1.0.so.0.2002.3
7fec0dc91000-7fec0de90000 ---p 00042000 08:21 10462106                   /usr/lib/libpango-1.0.so.0.2002.3
7fec0de90000-7fec0de93000 rw-p 00041000 08:21 10462106                   /usr/lib/libpango-1.0.so.0.2002.3
7fec0de93000-7fec0de9d000 r-xp 00000000 08:21 10462161                   /usr/lib/libpangocairo-1.0.so.0.2002.3
7fec0de9d000-7fec0e09d000 ---p 0000a000 08:21 10462161                   /usr/lib/libpangocairo-1.0.so.0.2002.3
7fec0e09d000-7fec0e09e000 rw-p 0000a000 08:21 10462161                   /usr/lib/libpangocairo-1.0.so.0.2002.3
7fec0e09e000-7fec0e133000 r-xp 00000000 08:21 10464315                   /usr/lib/libgdk-x11-2.0.so.0.1200.9
7fec0e133000-7fec0e333000 ---p 00095000 08:21 10464315                   /usr/lib/libgdk-x11-2.0.so.0.1200.9
7fec0e333000-7fec0e338000 rw-p 00095000 08:21 10464315                   /usr/lib/libgdk-x11-2.0.so.0.1200.9
7fec0e338000-7fec0e351000 r-xp 00000000 08:21 10464316                   /usr/lib/libgdk_pixbuf-2.0.so.0.1200.9
7fec0e351000-7fec0e551000 ---p 00019000 08:21 10464316                   /usr/lib/libgdk_pixbuf-2.0.so.0.1200.9
7fec0e551000-7fec0e552000 rw-p 00019000 08:21 10464316                   /usr/lib/libgdk_pixbuf-2.0.so.0.1200.9
7fec0e552000-7fec0e557000 r-xp 00000000 08:21 10462715                   /usr/lib/libXtst.so.6.1.0
7fec0e557000-7fec0e757000 ---p 00005000 08:21 10462715                   /usr/lib/libXtst.so.6.1.0
7fec0e757000-7fec0e758000 rw-p 00005000 08:21 10462715                   /usr/lib/libXtst.so.6.1.0
7fec0e758000-7fec0e75c000 r-xp 00000000 08:21 10469533                   /usr/lib/libgthread-2.0.so.0.1600.6
7fec0e75c000-7fec0e95b000 ---p 00004000 08:21 10469533                   /usr/lib/libgthread-2.0.so.0.1600.6
7fec0e95b000-7fec0e95c000 rw-p 00003000 08:21 10469533                   /usr/lib/libgthread-2.0.so.0.1600.6
7fec0e95c000-7fec0ed1f000 r-xp 00000000 08:21 11223042                   /usr/lib/libgtk-x11-2.0.so.0.1200.9
7fec0ed1f000-7fec0ef1e000 ---p 003c3000 08:21 11223042                   /usr/lib/libgtk-x11-2.0.so.0.1200.9
7fec0ef1e000-7fec0ef29000 rw-p 003c2000 08:21 11223042                   /usr/lib/libgtk-x11-2.0.so.0.1200.9
7fec0ef29000-7fec0ef2b000 rw-p 7fec0ef29000 00:00 0 
7fec0ef2b000-7fec0ef97000 r-xp 00000000 08:21 3457325                    /home/etienne/eclipse/workspaces/cadse.all/.metadata/.plugins/org.eclipse.pde.core/pde-junit/org.eclipse.osgi/bundles/729/1/.cp/libswt-pi-gtk-3550.so
7fec0ef97000-7fec0f096000 ---p 0006c000 08:21 3457325                    /home/etienne/eclipse/workspaces/cadse.all/.metadata/.plugins/org.eclipse.pde.core/pde-junit/org.eclipse.osgi/bundles/729/1/.cp/libswt-pi-gtk-3550.so
7fec0f096000-7fec0f099000 rw-p 0006b000 08:21 3457325                    /home/etienne/eclipse/workspaces/cadse.all/.metadata/.plugins/org.eclipse.pde.core/pde-junit/org.eclipse.osgi/bundles/729/1/.cp/libswt-pi-gtk-3550.so
7fec0f099000-7fec0f09b000 rw-p 7fec0f099000 00:00 0 
7fec0f09b000-7fec0f0db000 r-xp 00000000 08:21 3457324                    /home/etienne/eclipse/workspaces/cadse.all/.metadata/.plugins/org.eclipse.pde.core/pde-junit/org.eclipse.osgi/bundles/729/1/.cp/libswt-gtk-3550.so
7fec0f0db000-7fec0f1db000 ---p 00040000 08:21 3457324                    /home/etienne/eclipse/workspaces/cadse.all/.metadata/.plugins/org.eclipse.pde.core/pde-junit/org.eclipse.osgi/bundles/729/1/.cp/libswt-gtk-3550.so
7fec0f1db000-7fec0f1df000 rw-p 00040000 08:21 3457324                    /home/etienne/eclipse/workspaces/cadse.all/.metadata/.plugins/org.eclipse.pde.core/pde-junit/org.eclipse.osgi/bundles/729/1/.cp/libswt-gtk-3550.so
7fec0f1df000-7fec0f1e0000 rw-p 7fec0f1df000 00:00 0 
7fec0f204000-7fec0f21b000 r--s 00232000 08:21 2490826                    /home/etienne/Desktop/UpdateSite.Cadseg/plugins/fr.imag.adele.cadse.si.modelversiondb_2.3.2.SNAPSHOT-201009072239.jar
7fec0f21b000-7fec0f224000 r--s 00000000 08:21 5637889                    /var/cache/fontconfig/945677eb7aeaf62f1d50efc3fb3ec7d8-x86-64.cache-2
7fec0f224000-7fec0f227000 r--s 00000000 08:21 5637870                    /var/cache/fontconfig/e383d7ea5fbe662a33d9b44caf393297-x86-64.cache-2
7fec0f227000-7fec0f22b000 r--s 00000000 08:21 5637807                    /var/cache/fontconfig/a755afe4a08bf5b97852ceb7400b47bc-x86-64.cache-2
7fec0f22b000-7fec0f234000 r--s 00000000 08:21 5637772                    /var/cache/fontconfig/6d41288fd70b0be22e8c3a91e032eec0-x86-64.cache-2
7fec0f234000-7fec0f237000 r--s 00000000 08:21 5637766                    /var/cache/fontconfig/de156ccd2eddbdc19d37a45b8b2aac9c-x86-64.cache-2
7fec0f237000-7fec0f242000 r--s 00000000 08:21 5637764                    /var/cache/fontconfig/e3de0de479f42330eadf588a55fb5bf4-x86-64.cache-2
7fec0f242000-7fec0f24d000 r--s 00000000 08:21 5637735                    /var/cache/fontconfig/0f34bcd4b6ee430af32735b75db7f02b-x86-64.cache-2
7fec0f24d000-7fec0f250000 r--s 00000000 08:21 5637714                    /var/cache/fontconfig/de9486f0b47a4d768a594cb4198cb1c6-x86-64.cache-2
7fec0f250000-7fec0f259000 r--s 00000000 08:21 5637713                    /var/cache/fontconfig/d52a8644073d54c13679302ca1180695-x86-64.cache-2
7fec0f259000-7fec0f260000 r--s 00000000 08:21 5636160                    /var/cache/fontconfig/089dead882dea3570ffc31a9898cfb69-x86-64.cache-2
7fec0f260000-7fec0f26b000 r--s 00000000 08:21 5637643                    /var/cache/fontconfig/e13b20fdb08344e0e664864cc2ede53d-x86-64.cache-2
7fec0f26b000-7fec0f27f000 r--s 00000000 08:21 5637896                    /var/cache/fontconfig/865f88548240fee46819705c6468c165-x86-64.cache-2
7fec0f280000-7fec0f28f000 r--s 000d0000 08:21 2713101                    /home/etienne/eclipse/eclipse/plugins/org.codehaus.groovy_1.7.0.xx-20100115-0900-e35-RELEASE/lib/ivy-2.1.0.jar
7fec0f28f000-7fec0f2ac000 r--s 00568000 08:21 2705538                    /home/etienne/eclipse/eclipse/plugins/com.ibm.icu_4.0.1.v20090415.jar
7fec0f2ac000-7fec0f30c000 rw-s 00000000 00:09 378994700                  /SYSV00000000 (deleted)
7fec0f30d000-7fec0f320000 r--s 000be000 08:21 2706012                    /home/etienne/eclipse/eclipse/plugins/org.eclipse.jpt.eclipselink.core_1.2.0.v200905310000.jar
7fec0f320000-7fec0f32d000 r--s 00086000 08:21 2706063                    /home/etienne/eclipse/eclipse/plugins/org.eclipse.jpt.utility_1.4.0.v200905310000.jar
7fec0f334000-7fec0f33c000 r--s 00046000 08:21 2706149                    /home/etienne/eclipse/eclipse/plugins/org.eclipse.ltk.core.refactoring_3.5.0.v20090513-2000.jar
7fec0f33c000-7fec0f348000 r--s 00097000 08:21 2712922                    /home/etienne/eclipse/eclipse/plugins/org.maven.ide.eclipse.nexus_indexer_0.10.0.20100209-0800/jars/lucene-core-2.3.2.jar
7fec0f349000-7fec0f360000 r--s 00127000 08:21 2705825                    /home/etienne/eclipse/eclipse/plugins/org.apache.xerces_2.9.0.v200909240008.jar
7fec0f360000-7fec0f365000 r--s 00037000 08:21 2705850                    /home/etienne/eclipse/eclipse/plugins/org.eclipse.text_3.5.0.v20090513-2000.jar
7fec0f365000-7fec0f369000 r--s 00027000 08:21 2705686                    /home/etienne/eclipse/eclipse/plugins/org.eclipse.equinox.registry_3.4.100.v20090520-1800.jar
7fec0f36a000-7fec0f378000 r--s 00351000 08:21 11232866                   /usr/lib/jvm/java-6-openjdk/jre/lib/charsets.jar
7fec0f378000-7fec0f39b000 r--p 00000000 08:21 10594865                   /usr/share/locale-langpack/fr/LC_MESSAGES/libc.mo
7fec0f39c000-7fec0f3a1000 r--s 00068000 08:21 2713092                    /home/etienne/eclipse/eclipse/plugins/org.codehaus.groovy_1.7.0.xx-20100115-0900-e35-RELEASE/lib/antlr-2.7.7.jar
7fec0f3a4000-7fec0f3ac000 r--s 000a6000 08:21 11232894                   /usr/lib/jvm/java-6-openjdk/jre/lib/rhino.jar
7fec0f3ac000-7fec0f3b5000 r--s 0005c000 08:21 2704694                    /home/etienne/eclipse/eclipse/plugins/org.eclipse.wst.sse.core_1.1.402.v201001251516.jar
7fec0f3b5000-7fec0f3c7000 r--s 000c2000 08:21 2703978                    /home/etienne/eclipse/eclipse/plugins/org.maven.ide.eclipse_0.10.0.20100209-0800.jar
7fec0f3c8000-7fec0f3d1000 r--s 0004c000 08:21 2490812                    /home/etienne/Desktop/UpdateSite.Cadseg/plugins/fr.imag.adele.cadse.si.uiplatform.swt_2.3.2.SNAPSHOT-201009081533.jar
7fec0f3d1000-7fec0f3df000 r--s 0008f000 08:21 2712951                    /home/etienne/eclipse/eclipse/plugins/org.maven.ide.eclipse.maven_embedder_0.10.0.20100209-0800/jars/google-collections-1.0.jar
7fec0f3df000-7fec0f3e6000 r--s 0002e000 08:21 2712934                    /home/etienne/eclipse/eclipse/plugins/org.maven.ide.eclipse.maven_embedder_0.10.0.20100209-0800/jars/plexus-container-default-1.5.3.jar
7fec0f3e8000-7fec0f3ed000 r--s 0002b000 08:21 2777242                    /home/etienne/eclipse/eclipse/plugins/org.junit4_4.5.0.v20090423/junit.jar
7fec0f3ed000-7fec0f3f6000 r--s 00059000 08:21 2490830                    /home/etienne/Desktop/UpdateSite.Cadseg/plugins/fr.imag.adele.cadse.as.cu_2.3.5.SNAPSHOT-201009072232.jar
7fec0f3f6000-7fec0f3fa000 r--s 00075000 08:21 2713091                    /home/etienne/eclipse/eclipse/plugins/org.codehaus.groovy_1.7.0.xx-20100115-0900-e35-RELEASE/groovy-eclipse.jar
7fec0f3fa000-7fec0f404000 r--s 000a3000 08:21 2705951                    /home/etienne/eclipse/eclipse/plugins/org.eclipse.core.resources_3.5.0.v20090512.jar
7fec0f40b000-7fec0f410000 r--s 0002b000 08:21 2712923                    /home/etienne/eclipse/eclipse/plugins/org.maven.ide.eclipse.nexus_indexer_0.10.0.20100209-0800/jars/nexus-indexer-2.0.5-SNAPSHOT.jar
7fec0f410000-7fec0f41d000 r--s 0009b000 08:21 2704702                    /home/etienne/eclipse/eclipse/plugins/org.eclipse.wst.xml.core_1.1.402.v201001222130.jar
7fec0f41d000-7fec0f42d000 r--s 000f2000 08:21 2706206                    /home/etienne/eclipse/eclipse/plugins/org.eclipse.pde.core_3.5.0.v20090602.jar
7fec0f42f000-7fec0f436000 r--s 00048000 08:21 2704644                    /home/etienne/eclipse/eclipse/plugins/org.eclipse.mylyn.tasks.core_3.2.3.v20100217-0100-e3x.jar
7fec0f436000-7fec0f439000 r--s 00013000 08:21 2706130                    /home/etienne/eclipse/eclipse/plugins/org.eclipse.core.contenttype_3.4.0.v20090429-1800.jar
7fec0f43c000-7fec0f446000 r--s 00070000 08:21 2490912                    /home/etienne/Desktop/UpdateSite.Cadseg/plugins/fr.imag.adele.cadse.si.view_2.3.2.SNAPSHOT-201009081530.jar
7fec0f449000-7fec0f44f000 r--s 00043000 08:21 2705885                    /home/etienne/eclipse/eclipse/plugins/org.eclipse.ui.forms_3.4.0.v20090526.jar
7fec0f44f000-7fec0f454000 r--s 0006a000 08:21 2490804                    /home/etienne/Desktop/UpdateSite.Cadseg/plugins/fr.imag.adele.cadse.cu.core_2.3.2.SNAPSHOT-201009081527.jar
7fec0f454000-7fec0f45b000 r--s 00047000 08:21 2705891                    /home/etienne/eclipse/eclipse/plugins/org.eclipse.debug.core_3.5.0.v20090526-1600.jar
7fec0f45b000-7fec0f45f000 r--s 00028000 08:21 2712942                    /home/etienne/eclipse/eclipse/plugins/org.maven.ide.eclipse.maven_embedder_0.10.0.20100209-0800/jars/jetty-util-7.0.0.v20091005.jar
7fec0f45f000-7fec0f461000 r--s 0000e000 08:21 2712947                    /home/etienne/eclipse/eclipse/plugins/org.maven.ide.eclipse.maven_embedder_0.10.0.20100209-0800/jars/jetty-io-7.0.0.v20091005.jar
7fec0f462000-7fec0f465000 r--s 00013000 08:21 2706106                    /home/etienne/eclipse/eclipse/plugins/org.eclipse.ui.views_3.4.0.I20090525-2000.jar
7fec0f465000-7fec0f46b000 r--s 0003d000 08:21 2712935                    /home/etienne/eclipse/eclipse/plugins/org.maven.ide.eclipse.maven_embedder_0.10.0.20100209-0800/jars/maven-compat-3.0-SNAPSHOT.jar
7fec0f46b000-7fec0f472000 r--s 00051000 08:21 2712939                    /home/etienne/eclipse/eclipse/plugins/org.maven.ide.eclipse.maven_embedder_0.10.0.20100209-0800/jars/log4j-1.2.12.jar
7fec0f472000-7fec0f476000 r--s 0001d000 08:21 2712936                    /home/etienne/eclipse/eclipse/plugins/org.maven.ide.eclipse.maven_embedder_0.10.0.20100209-0800/jars/xbean-reflect-3.4.jar
7fec0f476000-7fec0f481000 r--s 00065000 08:21 2712933                    /home/etienne/eclipse/eclipse/plugins/org.maven.ide.eclipse.maven_embedder_0.10.0.20100209-0800/jars/maven-core-3.0-SNAPSHOT.jar
7fec0f481000-7fec0f485000 r--s 00033000 08:21 2712953                    /home/etienne/eclipse/eclipse/plugins/org.maven.ide.eclipse.maven_embedder_0.10.0.20100209-0800/jars/plexus-utils-2.0.1.jar
7fec0f486000-7fec0f488000 r--s 00016000 08:21 2705638                    /home/etienne/eclipse/eclipse/plugins/org.eclipse.ant.core_3.2.100.v20090520.jar
7fec0f488000-7fec0f48d000 r--s 00041000 08:21 2705820                    /home/etienne/eclipse/eclipse/plugins/org.eclipse.emf.codegen_2.5.0.v200906151043.jar
7fec0f48d000-7fec0f494000 r--s 00052000 08:21 2706055                    /home/etienne/eclipse/eclipse/plugins/org.eclipse.jdt.apt.core_3.3.200.v20090528-1135.jar
7fec0f494000-7fec0f496000 r--s 00018000 08:21 2712959                    /home/etienne/eclipse/eclipse/plugins/org.maven.ide.eclipse.maven_embedder_0.10.0.20100209-0800/jars/jetty-http-7.0.0.v20091005.jar
7fec0f496000-7fec0f498000 r--s 0000e000 08:21 2712954                    /home/etienne/eclipse/eclipse/plugins/org.maven.ide.eclipse.maven_embedder_0.10.0.20100209-0800/jars/jetty-client-7.0.0.v20091005.jar
7fec0f498000-7fec0f49b000 r--s 00019000 08:21 2713095                    /home/etienne/eclipse/eclipse/plugins/org.codehaus.groovy_1.7.0.xx-20100115-0900-e35-RELEASE/lib/bsf-2.4.0.jar
7fec0f49b000-7fec0f49e000 r--s 00023000 08:21 2705888                    /home/etienne/eclipse/eclipse/plugins/org.eclipse.jdt.compiler.apt_1.0.200.v20090528-1135.jar
7fec0f49e000-7fec0f4a0000 r--s 00000000 08:21 2490885                    /home/etienne/Desktop/UpdateSite.Cadseg/plugins/fr.imag.adele.cadse.as.objectadapter_2.3.3.SNAPSHOT-201009072230.jar
7fec0f4a0000-7fec0f4a3000 r--s 00017000 08:21 2705884                    /home/etienne/eclipse/eclipse/plugins/org.eclipse.core.commands_3.5.0.I20090525-2000.jar
7fec0f4a3000-7fec0f4a5000 r--s 00006000 08:21 2712940                    /home/etienne/eclipse/eclipse/plugins/org.maven.ide.eclipse.maven_embedder_0.10.0.20100209-0800/jars/wagon-http-jetty-client-1.0-SNAPSHOT.jar
7fec0f4a5000-7fec0f4a7000 r--s 0000a000 08:21 2712958                    /home/etienne/eclipse/eclipse/plugins/org.maven.ide.eclipse.maven_embedder_0.10.0.20100209-0800/jars/maven-plugin-api-3.0-SNAPSHOT.jar
7fec0f4a7000-7fec0f4ac000 r--s 00020000 08:21 2705908                    /home/etienne/eclipse/eclipse/plugins/org.eclipse.ui_3.5.0.I20090604-2000.jar
7fec0f4ac000-7fec0f4af000 rw-s 00000000 00:09 379027484                  /SYSV00000000 (deleted)
7fec0f4b0000-7fec0f4b9000 r--s 00056000 08:21 2705647                    /home/etienne/eclipse/eclipse/plugins/org.eclipse.team.core_3.5.0.I20090527-0620.jar
7fec0f4b9000-7fec0f4bc000 r--s 0001c000 08:21 2712944                    /home/etienne/eclipse/eclipse/plugins/org.maven.ide.eclipse.maven_embedder_0.10.0.20100209-0800/jars/maven-model-3.0-SNAPSHOT.jar
7fec0f4bc000-7fec0f4c0000 r--s 00024000 08:21 5390389                    /home/etienne/eclipse/eclipse/plugins/org.eclipse.jdt.groovy.core_1.0.0.xx-20100115-0900-e35-RELEASE.jar
7fec0f4c0000-7fec0f4c4000 r--s 00021000 08:21 2704599                    /home/etienne/eclipse/eclipse/plugins/org.eclipse.jst.jee.ui_1.0.201.v201002021208.jar
7fec0f4c4000-7fec0f4c6000 r--s 00009000 08:21 2712956                    /home/etienne/eclipse/eclipse/plugins/org.maven.ide.eclipse.maven_embedder_0.10.0.20100209-0800/jars/commons-cli-1.2.jar
7fec0f4c6000-7fec0f4c9000 r--s 00038000 08:21 11232874                   /usr/lib/jvm/java-6-openjdk/jre/lib/ext/sunpkcs11.jar
7fec0f4c9000-7fec0f4cf000 r--s 00033000 08:21 2704632                    /home/etienne/eclipse/eclipse/plugins/org.eclipse.mylyn.context.ui_3.2.3.v20100217-0100-e3x.jar
7fec0f4cf000-7fec0f4d3000 r--s 00043000 08:21 2705863                    /home/etienne/eclipse/eclipse/plugins/org.eclipse.jdt.launching_3.5.0.v20090527.jar
7fec0f4d3000-7fec0f4d7000 r--s 00024000 08:21 2490882                    /home/etienne/Desktop/UpdateSite.Cadseg/plugins/fr.imag.adele.cadse.cadseg.generator_2.3.3.SNAPSHOT-201009081537.jar
7fec0f4d7000-7fec0f4db000 r--s 00027000 08:21 2490752                    /home/etienne/Desktop/UpdateSite.Cadseg/plugins/fr.imag.adele.cadse.si.java_2.3.2.SNAPSHOT-201009081534.jar
7fec0f4db000-7fec0f4de000 r--s 00019000 08:21 2705985                    /home/etienne/eclipse/eclipse/plugins/org.eclipse.core.filebuffers_3.5.0.v20090526-2000.jar
7fec0f4de000-7fec0f4e1000 r--s 00031000 08:21 11232877                   /usr/lib/jvm/java-6-openjdk/jre/lib/ext/sunjce_provider.jar
7fec0f4e1000-7fec0f4e4000 r--s 00077000 08:21 11232876                   /usr/lib/jvm/java-6-openjdk/jre/lib/ext/localedata.jar
7fec0f4e4000-7fec0f4e7000 r--s 00016000 08:21 2705886                    /home/etienne/eclipse/eclipse/plugins/org.eclipse.update.configurator_3.3.0.v20090312.jar
7fec0f4e8000-7fec0f4ea000 r--s 00005000 08:21 2705936                    /home/etienne/eclipse/eclipse/plugins/org.hamcrest.core_1.1.0.v20090501071000.jar
7fec0f4ea000-7fec0f4ec000 r--s 00002000 08:21 2712945                    /home/etienne/eclipse/eclipse/plugins/org.maven.ide.eclipse.maven_embedder_0.10.0.20100209-0800/jars/plexus-cipher-1.4.jar
7fec0f4ec000-7fec0f4ef000 r--s 00016000 08:21 2706123                    /home/etienne/eclipse/eclipse/plugins/org.eclipse.equinox.common_3.5.0.v20090520-1800.jar
7fec0f4f1000-7fec0f4f3000 r--s 00013000 08:21 2706153                    /home/etienne/eclipse/eclipse/plugins/org.eclipse.core.expressions_3.4.100.v20090429-1800.jar
7fec0f4f3000-7fec0f4f5000 r--s 00000000 08:21 2712952                    /home/etienne/eclipse/eclipse/plugins/org.maven.ide.eclipse.maven_embedder_0.10.0.20100209-0800/jars/plexus-component-annotations-1.5.3.jar
7fec0f4f7000-7fec0f4f9000 r--s 0000e000 08:21 2705807                    /home/etienne/eclipse/eclipse/plugins/org.eclipse.mylyn.commons.net_3.2.0.v20090617-0100-e3x.jar
7fec0f4f9000-7fec0f4fb000 r--s 00006000 08:21 2705725                    /home/etienne/eclipse/eclipse/plugins/org.eclipse.core.variables_3.2.200.v20090521.jar
7fec0f4fb000-7fec0f4fd000 r--s 0000b000 08:21 2712946                    /home/etienne/eclipse/eclipse/plugins/org.maven.ide.eclipse.maven_embedder_0.10.0.20100209-0800/jars/maven-artifact-3.0-SNAPSHOT.jar
7fec0f4fd000-7fec0f4ff000 r--s 00007000 08:21 2706107                    /home/etienne/eclipse/eclipse/plugins/org.eclipse.equinox.frameworkadmin_1.0.100.v20090520-1905.jar
7fec0f4ff000-7fec0f501000 r--s 0000a000 08:21 2712937                    /home/etienne/eclipse/eclipse/plugins/org.maven.ide.eclipse.maven_embedder_0.10.0.20100209-0800/jars/maven-settings-3.0-SNAPSHOT.jar
7fec0f501000-7fec0f503000 r--s 00006000 08:21 2706084                    /home/etienne/eclipse/eclipse/plugins/org.eclipse.jdt.apt.pluggable.core_1.0.200.v20090526-2130.jar
7fec0f503000-7fec0f505000 r--s 00009000 08:21 2713096                    /home/etienne/eclipse/eclipse/plugins/org.codehaus.groovy_1.7.0.xx-20100115-0900-e35-RELEASE/lib/commons-cli-1.2.jar
7fec0f505000-7fec0f507000 r--s 00010000 08:21 2705564                    /home/etienne/eclipse/eclipse/plugins/org.eclipse.core.runtime_3.5.0.v20090525.jar
7fec0f507000-7fec0f50b000 r--s 0001d000 08:21 2712949                    /home/etienne/eclipse/eclipse/plugins/org.maven.ide.eclipse.maven_embedder_0.10.0.20100209-0800/jars/maven-model-builder-3.0-SNAPSHOT.jar
7fec0f50b000-7fec0f50d000 r--s 00021000 08:21 2706612                    /home/etienne/eclipse/eclipse/plugins/org.eclipse.ui.source_3.5.0.I20090604-2000.jar
7fec0f50d000-7fec0f50f000 r--s 00012000 08:21 2706045                    /home/etienne/eclipse/eclipse/plugins/org.eclipse.core.jobs_3.4.100.v20090429-1800.jar
7fec0f50f000-7fec0f511000 r--s 0000a000 08:21 2712948                    /home/etienne/eclipse/eclipse/plugins/org.maven.ide.eclipse.maven_embedder_0.10.0.20100209-0800/jars/plexus-classworlds-2.2.2.jar
7fec0f512000-7fec0f514000 r--s 0000b000 08:21 2712943                    /home/etienne/eclipse/eclipse/plugins/org.maven.ide.eclipse.maven_embedder_0.10.0.20100209-0800/jars/wagon-provider-api-1.0-beta-6.jar
7fec0f514000-7fec0f516000 r--s 0000b000 08:21 2712960                    /home/etienne/eclipse/eclipse/plugins/org.maven.ide.eclipse.maven_embedder_0.10.0.20100209-0800/jars/plexus-interpolation-1.11.jar
7fec0f516000-7fec0f518000 r--s 00008000 08:21 2712950                    /home/etienne/eclipse/eclipse/plugins/org.maven.ide.eclipse.maven_embedder_0.10.0.20100209-0800/jars/maven-embedder-3.0-SNAPSHOT.jar
7fec0f518000-7fec0f51a000 r--s 00004000 08:21 2713094                    /home/etienne/eclipse/eclipse/plugins/org.codehaus.groovy_1.7.0.xx-20100115-0900-e35-RELEASE/lib/asm-tree-3.2.jar
7fec0f51a000-7fec0f51c000 r--s 00001000 08:21 11232875                   /usr/lib/jvm/java-6-openjdk/jre/lib/ext/dnsns.jar
7fec0f51c000-7fec0f520000 r--s 0002e000 08:21 2705991                    /home/etienne/eclipse/eclipse/plugins/org.eclipse.emf.common_2.5.0.v200906151043.jar
7fec0f521000-7fec0f523000 r--s 0000c000 08:21 2490791                    /home/etienne/Desktop/UpdateSite.Cadseg/plugins/fr.imag.adele.cadse.as.initmodel_2.3.3.SNAPSHOT-201009081526.jar
7fec0f523000-7fec0f531000 r-xp 00000000 08:21 2777266                    /home/etienne/eclipse/eclipse/plugins/org.eclipse.equinox.launcher.gtk.linux.x86_64_1.0.200.v20090519/eclipse_1206.so
7fec0f531000-7fec0f631000 ---p 0000e000 08:21 2777266                    /home/etienne/eclipse/eclipse/plugins/org.eclipse.equinox.launcher.gtk.linux.x86_64_1.0.200.v20090519/eclipse_1206.so
7fec0f631000-7fec0f632000 rw-p 0000e000 08:21 2777266                    /home/etienne/eclipse/eclipse/plugins/org.eclipse.equinox.launcher.gtk.linux.x86_64_1.0.200.v20090519/eclipse_1206.so
7fec0f632000-7fec0f63a000 r-xp 00000000 08:21 11231386                   /usr/lib/jvm/java-6-openjdk/jre/lib/amd64/libnio.so
7fec0f63a000-7fec0f83a000 ---p 00008000 08:21 11231386                   /usr/lib/jvm/java-6-openjdk/jre/lib/amd64/libnio.so
7fec0f83a000-7fec0f83b000 rw-p 00008000 08:21 11231386                   /usr/lib/jvm/java-6-openjdk/jre/lib/amd64/libnio.so
7fec0f83b000-7fec0fa85000 rw-p 7fec0f83b000 00:00 0 
7fec0fa85000-7fec0fa9a000 r-xp 00000000 08:21 11231385                   /usr/lib/jvm/java-6-openjdk/jre/lib/amd64/libnet.so
7fec0fa9a000-7fec0fc9a000 ---p 00015000 08:21 11231385                   /usr/lib/jvm/java-6-openjdk/jre/lib/amd64/libnet.so
7fec0fc9a000-7fec0fc9b000 rw-p 00015000 08:21 11231385                   /usr/lib/jvm/java-6-openjdk/jre/lib/amd64/libnet.so
7fec0fc9b000-7fec0fcac000 r--s 00102000 08:21 2705707                    /home/etienne/eclipse/eclipse/plugins/org.eclipse.osgi_3.5.0.v20090520.jar
7fec0fcac000-7fec0fcb0000 r-xp 00000000 08:21 11231244                   /usr/lib/jvm/java-6-openjdk/jre/lib/amd64/libdt_socket.so
7fec0fcb0000-7fec0feaf000 ---p 00004000 08:21 11231244                   /usr/lib/jvm/java-6-openjdk/jre/lib/amd64/libdt_socket.so
7fec0feaf000-7fec0feb0000 rw-p 00003000 08:21 11231244                   /usr/lib/jvm/java-6-openjdk/jre/lib/amd64/libdt_socket.so
7fec0feb0000-7fec101e6000 rw-p 7fec0feb0000 00:00 0 
7fec101e6000-7fec10379000 r--s 0391f000 08:21 11231238                   /usr/lib/jvm/java-6-openjdk/jre/lib/rt.jar
7fec10379000-7fec10439000 rw-p 7fec10379000 00:00 0 
7fec10439000-7fec104cf000 rw-p 7fec10439000 00:00 0 
7fec104cf000-7fec1052a000 rw-p 7fec104cf000 00:00 0 
7fec1052a000-7fec1054a000 ---p 7fec1052a000 00:00 0 
7fec1054a000-7fec1054f000 rw-p 7fec1054a000 00:00 0 
7fec1054f000-7fec1060f000 rw-p 7fec1054f000 00:00 0 
7fec1060f000-7fec106a4000 rw-p 7fec1060f000 00:00 0 
7fec106a4000-7fec1074f000 rw-p 7fec106a4000 00:00 0 
7fec1074f000-7fec1bba0000 rw-p 7fec1074f000 00:00 0 
7fec1bba0000-7fec1fbc0000 ---p 7fec1bba0000 00:00 0 
7fec1fbc0000-7fec20750000 rw-p 7fec1fbc0000 00:00 0 
7fec20750000-7fec38680000 rw-p 7fec20750000 00:00 0 
7fec38680000-7fec4b200000 rw-p 7fec38680000 00:00 0 
7fec4b200000-7fec60750000 rw-p 7fec4b200000 00:00 0 
7fec60750000-7fec60751000 r--s 00001000 08:21 2712957                    /home/etienne/eclipse/eclipse/plugins/org.maven.ide.eclipse.maven_embedder_0.10.0.20100209-0800/jars/plexus-build-api-0.0.6.jar
7fec60751000-7fec60752000 r--s 0000a000 08:21 2713093                    /home/etienne/eclipse/eclipse/plugins/org.codehaus.groovy_1.7.0.xx-20100115-0900-e35-RELEASE/lib/asm-3.2.jar
7fec60752000-7fec60754000 r--s 0000a000 08:21 2490841                    /home/etienne/Desktop/UpdateSite.Cadseg/plugins/fr.imag.adele.cadse.as.generator_2.3.2.SNAPSHOT-201009081535.jar
7fec60754000-7fec60756000 r--s 00013000 08:21 11232888                   /usr/lib/jvm/java-6-openjdk/jre/lib/jce.jar
7fec60756000-7fec60757000 r--s 00003000 08:21 2705893                    /home/etienne/eclipse/eclipse/plugins/org.eclipse.swt_3.5.0.v3550b.jar
7fec60757000-7fec60758000 r--s 00002000 08:21 2712938                    /home/etienne/eclipse/eclipse/plugins/org.maven.ide.eclipse.maven_embedder_0.10.0.20100209-0800/jars/wagon-file-1.0-beta-6.jar
7fec60758000-7fec60759000 r--s 0000c000 08:21 2705988                    /home/etienne/eclipse/eclipse/plugins/org.eclipse.jdt.compiler.tool_1.0.100.v_963.jar
7fec60759000-7fec6075a000 r--s 00000000 08:21 5637844                    /var/cache/fontconfig/c69f04ab05004e31a6d5e715764f16d8-x86-64.cache-2
7fec6075a000-7fec6075b000 r--s 00001000 08:21 2705292                    /home/etienne/eclipse/eclipse/plugins/org.eclipse.ui.workbench.compatibility_3.2.0.I20090429-1800/compatibility.jar
7fec6075b000-7fec6075c000 r--s 00006000 08:21 2712941                    /home/etienne/eclipse/eclipse/plugins/org.maven.ide.eclipse.maven_embedder_0.10.0.20100209-0800/jars/plexus-sec-dispatcher-1.3.jar
7fec6075c000-7fec607b2000 rw-p 7fec6075c000 00:00 0 
7fec607b2000-7fec6081c000 rw-p 7fec607b2000 00:00 0 
7fec6081c000-7fec61d6c000 rwxp 7fec6081c000 00:00 0 
7fec61d6c000-7fec6381c000 rw-p 7fec61d6c000 00:00 0 
7fec6381c000-7fec63823000 r-xp 00000000 08:21 11231396                   /usr/lib/jvm/java-6-openjdk/jre/lib/amd64/libzip.so
7fec63823000-7fec63a23000 ---p 00007000 08:21 11231396                   /usr/lib/jvm/java-6-openjdk/jre/lib/amd64/libzip.so
7fec63a23000-7fec63a24000 rw-p 00007000 08:21 11231396                   /usr/lib/jvm/java-6-openjdk/jre/lib/amd64/libzip.so
7fec63a24000-7fec63a2e000 r-xp 00000000 08:21 6710153                    /lib/libnss_files-2.7.so
7fec63a2e000-7fec63c2e000 ---p 0000a000 08:21 6710153                    /lib/libnss_files-2.7.so
7fec63c2e000-7fec63c30000 rw-p 0000a000 08:21 6710153                    /lib/libnss_files-2.7.so
7fec63c30000-7fec63c3a000 r-xp 00000000 08:21 6710155                    /lib/libnss_nis-2.7.so
7fec63c3a000-7fec63e39000 ---p 0000a000 08:21 6710155                    /lib/libnss_nis-2.7.so
7fec63e39000-7fec63e3b000 rw-p 00009000 08:21 6710155                    /lib/libnss_nis-2.7.so
7fec63e3b000-7fec63e43000 r-xp 00000000 08:21 6710151                    /lib/libnss_compat-2.7.so
7fec63e43000-7fec64042000 ---p 00008000 08:21 6710151                    /lib/libnss_compat-2.7.so
7fec64042000-7fec64044000 rw-p 00007000 08:21 6710151                    /lib/libnss_compat-2.7.so
7fec64044000-7fec64047000 r-xp 00000000 08:21 11231388                   /usr/lib/jvm/java-6-openjdk/jre/lib/amd64/libnpt.so
7fec64047000-7fec64246000 ---p 00003000 08:21 11231388                   /usr/lib/jvm/java-6-openjdk/jre/lib/amd64/libnpt.so
7fec64246000-7fec64247000 rw-p 00002000 08:21 11231388                   /usr/lib/jvm/java-6-openjdk/jre/lib/amd64/libnpt.so
7fec64247000-7fec64281000 r-xp 00000000 08:21 11231375                   /usr/lib/jvm/java-6-openjdk/jre/lib/amd64/libjdwp.so
7fec64281000-7fec64480000 ---p 0003a000 08:21 11231375                   /usr/lib/jvm/java-6-openjdk/jre/lib/amd64/libjdwp.so
7fec64480000-7fec64481000 rw-p 00039000 08:21 11231375                   /usr/lib/jvm/java-6-openjdk/jre/lib/amd64/libjdwp.so
7fec64481000-7fec64482000 rw-p 7fec64481000 00:00 0 
7fec64482000-7fec6448a000 r-xp 00000000 08:21 11231397                   /usr/lib/jvm/java-6-openjdk/jre/lib/amd64/native_threads/libhpi.so
7fec6448a000-7fec6468a000 ---p 00008000 08:21 11231397                   /usr/lib/jvm/java-6-openjdk/jre/lib/amd64/native_threads/libhpi.so
7fec6468a000-7fec6468b000 rw-p 00008000 08:21 11231397                   /usr/lib/jvm/java-6-openjdk/jre/lib/amd64/native_threads/libhpi.so
7fec6468b000-7fec6468c000 rw-p 7fec6468b000 00:00 0 
7fec6468c000-7fec646a2000 r-xp 00000000 08:21 6710150                    /lib/libnsl-2.7.so
7fec646a2000-7fec648a1000 ---p 00016000 08:21 6710150                    /lib/libnsl-2.7.so
7fec648a1000-7fec648a3000 rw-p 00015000 08:21 6710150                    /lib/libnsl-2.7.so
7fec648a3000-7fec648a5000 rw-p 7fec648a3000 00:00 0 
7fec648a5000-7fec648d2000 r-xp 00000000 08:21 11231372                   /usr/lib/jvm/java-6-openjdk/jre/lib/amd64/libjava.so
7fec648d2000-7fec64ad1000 ---p 0002d000 08:21 11231372                   /usr/lib/jvm/java-6-openjdk/jre/lib/amd64/libjava.so
7fec64ad1000-7fec64ad5000 rw-p 0002c000 08:21 11231372                   /usr/lib/jvm/java-6-openjdk/jre/lib/amd64/libjava.so
7fec64ad5000-7fec64ae2000 r-xp 00000000 08:21 11231395                   /usr/lib/jvm/java-6-openjdk/jre/lib/amd64/libverify.so
7fec64ae2000-7fec64ce1000 ---p 0000d000 08:21 11231395                   /usr/lib/jvm/java-6-openjdk/jre/lib/amd64/libverify.so
7fec64ce1000-7fec64ce3000 rw-p 0000c000 08:21 11231395                   /usr/lib/jvm/java-6-openjdk/jre/lib/amd64/libverify.so
7fec64ce3000-7fec64ceb000 r-xp 00000000 08:21 6710160                    /lib/librt-2.7.so
7fec64ceb000-7fec64eea000 ---p 00008000 08:21 6710160                    /lib/librt-2.7.so
7fec64eea000-7fec64eec000 rw-p 00007000 08:21 6710160                    /lib/librt-2.7.so
7fec64eec000-7fec64f6c000 r-xp 00000000 08:21 6710148                    /lib/libm-2.7.so
7fec64f6c000-7fec6516b000 ---p 00080000 08:21 6710148                    /lib/libm-2.7.so
7fec6516b000-7fec6516d000 rw-p 0007f000 08:21 6710148                    /lib/libm-2.7.so
7fec6516d000-7fec65a17000 r-xp 00000000 08:21 11231398                   /usr/lib/jvm/java-6-openjdk/jre/lib/amd64/server/libjvm.so
7fec65a17000-7fec65c16000 ---p 008aa000 08:21 11231398                   /usr/lib/jvm/java-6-openjdk/jre/lib/amd64/server/libjvm.so
7fec65c16000-7fec65ca4000 rw-p 008a9000 08:21 11231398                   /usr/lib/jvm/java-6-openjdk/jre/lib/amd64/server/libjvm.so
7fec65ca4000-7fec65cdb000 rw-p 7fec65ca4000 00:00 0 
7fec65cdb000-7fec65e33000 r-xp 00000000 08:21 6710144                    /lib/libc-2.7.so
7fec65e33000-7fec66033000 ---p 00158000 08:21 6710144                    /lib/libc-2.7.so
7fec66033000-7fec66036000 r--p 00158000 08:21 6710144                    /lib/libc-2.7.so
7fec66036000-7fec66038000 rw-p 0015b000 08:21 6710144                    /lib/libc-2.7.so
7fec66038000-7fec6603d000 rw-p 7fec66038000 00:00 0 
7fec6603d000-7fec6603f000 r-xp 00000000 08:21 6710147                    /lib/libdl-2.7.so
7fec6603f000-7fec6623f000 ---p 00002000 08:21 6710147                    /lib/libdl-2.7.so
7fec6623f000-7fec66241000 rw-p 00002000 08:21 6710147                    /lib/libdl-2.7.so
7fec66241000-7fec66245000 r-xp 00000000 08:21 11231240                   /usr/lib/jvm/java-6-openjdk/jre/lib/amd64/jli/libjli.so
7fec66245000-7fec66444000 ---p 00004000 08:21 11231240                   /usr/lib/jvm/java-6-openjdk/jre/lib/amd64/jli/libjli.so
7fec66444000-7fec66445000 rw-p 00003000 08:21 11231240                   /usr/lib/jvm/java-6-openjdk/jre/lib/amd64/jli/libjli.so
7fec66445000-7fec6645b000 r-xp 00000000 08:21 6710158                    /lib/libpthread-2.7.so
7fec6645b000-7fec6665b000 ---p 00016000 08:21 6710158                    /lib/libpthread-2.7.so
7fec6665b000-7fec6665d000 rw-p 00016000 08:21 6710158                    /lib/libpthread-2.7.so
7fec6665d000-7fec66661000 rw-p 7fec6665d000 00:00 0 
7fec66661000-7fec66677000 r-xp 00000000 08:21 10463441                   /usr/lib/libz.so.1.2.3.3
7fec66677000-7fec66877000 ---p 00016000 08:21 10463441                   /usr/lib/libz.so.1.2.3.3
7fec66877000-7fec66878000 rw-p 00016000 08:21 10463441                   /usr/lib/libz.so.1.2.3.3
7fec66878000-7fec66895000 r-xp 00000000 08:21 6709349                    /lib/ld-2.7.so
7fec66895000-7fec66896000 r--s 00000000 08:21 5637814                    /var/cache/fontconfig/4c73fe0c47614734b17d736dbde7580a-x86-64.cache-2
7fec66896000-7fec66897000 r--s 00000000 08:21 5637715                    /var/cache/fontconfig/4794a0821666d79190d59a36cb4f44b5-x86-64.cache-2
7fec66897000-7fec66898000 r--s 0000a000 08:21 2712955                    /home/etienne/eclipse/eclipse/plugins/org.maven.ide.eclipse.maven_embedder_0.10.0.20100209-0800/jars/commons-logging-api-1.1.jar
7fec66898000-7fec66899000 r--p 7fec66898000 00:00 0 
7fec66899000-7fec6689a000 r--s 00002000 08:21 2705540                    /home/etienne/eclipse/eclipse/plugins/org.eclipse.core.runtime.compatibility.registry_3.2.200.v20090429-1800/runtime_registry_compatibility.jar
7fec6689a000-7fec6689b000 r--s 0000e000 08:21 2705919                    /home/etienne/eclipse/eclipse/plugins/org.eclipse.equinox.frameworkadmin.equinox_1.0.100.v20090520-1905.jar
7fec6689b000-7fec6689c000 r--s 00005000 08:21 2704667                    /home/etienne/eclipse/eclipse/plugins/org.eclipse.persistence.jpa.equinox.weaving_1.1.3.v20091002-r5404.jar
7fec6689c000-7fec6689e000 r--s 00006000 08:21 2703623                    /home/etienne/eclipse/eclipse/plugins/javax.transaction_1.1.1.v201002111330.jar
7fec6689e000-7fec668a5000 r--s 00101000 08:21 11232893                   /usr/lib/jvm/java-6-openjdk/jre/lib/resources.jar
7fec668a5000-7fec668a8000 r--s 0007a000 08:21 11232889                   /usr/lib/jvm/java-6-openjdk/jre/lib/jsse.jar
7fec668a8000-7fec6692b000 rw-p 7fec668a8000 00:00 0 
7fec6692b000-7fec6694b000 ---p 7fec6692b000 00:00 0 
7fec6694b000-7fec66950000 rw-p 7fec6694b000 00:00 0 
7fec66950000-7fec66958000 rw-s 00000000 08:21 10412073                   /tmp/hsperfdata_etienne/11987
7fec66958000-7fec66997000 r--p 00000000 08:21 10487801                   /usr/lib/locale/fr_FR.utf8/LC_CTYPE
7fec66997000-7fec66a78000 r--p 00000000 08:21 10487800                   /usr/lib/locale/fr_FR.utf8/LC_COLLATE
7fec66a78000-7fec66a7c000 rw-p 7fec66a78000 00:00 0 
7fec66a7c000-7fec66a7e000 r--s 00005000 08:21 2706532                    /home/etienne/eclipse/eclipse/plugins/org.eclipse.equinox.transforms.hook_1.0.100.v20090520-1800.jar
7fec66a7e000-7fec66a7f000 r--s 0000a000 08:21 2705688                    /home/etienne/eclipse/eclipse/plugins/org.eclipse.equinox.launcher_1.0.200.v20090520.jar
7fec66a7f000-7fec66a80000 r--p 00000000 08:21 10488172                   /usr/lib/locale/fr_FR.utf8/LC_NUMERIC
7fec66a80000-7fec66a81000 r--p 00000000 08:21 10486505                   /usr/lib/locale/fr_FR.utf8/LC_TIME
7fec66a81000-7fec66a82000 r--p 00000000 08:21 10488170                   /usr/lib/locale/fr_FR.utf8/LC_MONETARY
7fec66a82000-7fec66a83000 r--p 00000000 08:21 10502208                   /usr/lib/locale/fr_FR.utf8/LC_MESSAGES/SYS_LC_MESSAGES
7fec66a83000-7fec66a84000 r--p 00000000 08:21 10487807                   /usr/lib/locale/fr_FR.utf8/LC_PAPER
7fec66a84000-7fec66a85000 r--p 00000000 08:21 10488171                   /usr/lib/locale/fr_FR.utf8/LC_NAME
7fec66a85000-7fec66a86000 r--p 00000000 08:21 10486507                   /usr/lib/locale/fr_FR.utf8/LC_ADDRESS
7fec66a86000-7fec66a87000 r--p 00000000 08:21 10486521                   /usr/lib/locale/fr_FR.utf8/LC_TELEPHONE
7fec66a87000-7fec66a88000 r--p 00000000 08:21 10487803                   /usr/lib/locale/fr_FR.utf8/LC_MEASUREMENT
7fec66a88000-7fec66a8f000 r--s 00000000 08:21 10465340                   /usr/lib/gconv/gconv-modules.cache
7fec66a8f000-7fec66a90000 r--p 00000000 08:21 10486522                   /usr/lib/locale/fr_FR.utf8/LC_IDENTIFICATION
7fec66a90000-7fec66a91000 rw-p 7fec66a90000 00:00 0 
7fec66a91000-7fec66a92000 ---p 7fec66a91000 00:00 0 
7fec66a92000-7fec66a95000 rw-p 7fec66a92000 00:00 0 
7fec66a95000-7fec66a97000 rw-p 0001d000 08:21 6709349                    /lib/ld-2.7.so
7fff4b08b000-7fff4b0a0000 rw-p 7ffffffea000 00:00 0                      [stack]
7fff4b1d8000-7fff4b1da000 r-xp 7fff4b1d8000 00:00 0                      [vdso]
ffffffffff600000-ffffffffff601000 r-xp 00000000 00:00 0                  [vsyscall]

VM Arguments:
jvm_args: -agentlib:jdwp=transport=dt_socket,suspend=y,address=localhost:39005 -Dosgi.requiredJavaVersion=1.5 -XX:MaxPermSize=256m -Dosgi.instance.area=/home/etienne/eclipse/workspaces/workspace -Xms256m -Xmx1024m -Declipse.pde.launch=true -Declipse.p2.data.area=@config.dir/p2 -Dfile.encoding=UTF-8 
java_command: org.eclipse.equinox.launcher.Main -os linux -ws gtk -arch x86_64 -nl fr_FR -version 3 -port 54052 -testLoaderClass org.eclipse.jdt.internal.junit4.runner.JUnit4TestLoader -loaderpluginname org.eclipse.jdt.junit4.runtime -classNames fr.imag.adele.cadse.test.basictests.basicproperties.BasicProperties_Boolean_tc_CADSEg -application org.eclipse.swtbot.eclipse.core.swtbottestapplication -product org.eclipse.sdk.ide -data /home/etienne/eclipse/workspaces/cadse.all/../junit-workspace -configuration file:/home/etienne/eclipse/workspaces/cadse.all/.metadata/.plugins/org.eclipse.pde.core/pde-junit/ -dev file:/home/etienne/eclipse/workspaces/cadse.all/.metadata/.plugins/org.eclipse.pde.core/pde-junit/dev.properties -os linux -ws gtk -arch x86_64 -nl fr_FR -testpluginname fr.imag.adele.cadse.test.basictests
Launcher Type: SUN_STANDARD

Environment Variables:
CLASSPATH=.
PATH=/usr/local/sbin:/usr/local/bin:/usr/sbin:/usr/bin:/sbin:/bin:/usr/games:.:/home/etienne/programmes/shell:/home/etienne/programmes/cadse:/home/etienne/programmes/listing:/home/etienne/programmes
USERNAME=etienne
LD_LIBRARY_PATH=/usr/lib/jvm/java-6-openjdk/jre/lib/amd64/server:/usr/lib/jvm/java-6-openjdk/jre/lib/amd64:/usr/lib/jvm/java-6-openjdk/jre/../lib/amd64:/usr/lib64/xulrunner-addons
SHELL=/bin/bash
DISPLAY=:1

Signal Handlers:
SIGSEGV: [libjvm.so+0x713f60], sa_mask[0]=0x7ffbfeff, sa_flags=0x10000004
SIGBUS: [libjvm.so+0x713f60], sa_mask[0]=0x7ffbfeff, sa_flags=0x10000004
SIGFPE: [libjvm.so+0x5d2520], sa_mask[0]=0x7ffbfeff, sa_flags=0x10000004
SIGPIPE: [libjvm.so+0x5d2520], sa_mask[0]=0x7ffbfeff, sa_flags=0x10000004
SIGXFSZ: [libjvm.so+0x5d2520], sa_mask[0]=0x7ffbfeff, sa_flags=0x10000004
SIGILL: [libjvm.so+0x5d2520], sa_mask[0]=0x7ffbfeff, sa_flags=0x10000004
SIGUSR1: SIG_DFL, sa_mask[0]=0x00000000, sa_flags=0x00000000
SIGUSR2: [libjvm.so+0x5d5a50], sa_mask[0]=0x00000004, sa_flags=0x10000004
SIGHUP: [libjvm.so+0x5d4de0], sa_mask[0]=0x7ffbfeff, sa_flags=0x10000004
SIGINT: [libjvm.so+0x5d4de0], sa_mask[0]=0x7ffbfeff, sa_flags=0x10000004
SIGTERM: [libjvm.so+0x5d4de0], sa_mask[0]=0x7ffbfeff, sa_flags=0x10000004
SIGQUIT: [libjvm.so+0x5d4de0], sa_mask[0]=0x7ffbfeff, sa_flags=0x10000004


---------------  S Y S T E M  ---------------

OS:Ubuntu 8.04 (hardy)
uname:Linux 2.6.24-28-generic #1 SMP Fri Jun 18 14:18:04 UTC 2010 x86_64
libc:glibc 2.7 NPTL 2.7 
rlimit: STACK 8192k, CORE 0k, NPROC 72704, NOFILE 50000, AS infinity
load average:1,47 1,62 1,17

CPU:total 2 (2 cores per cpu, 1 threads per core) family 6 model 23 stepping 10, cmov, cx8, fxsr, mmx, sse, sse2, sse3, ssse3, sse4.1

Memory: 4k page, physical 8056756k(369524k free), swap 9936160k(9890956k free)

vm_info: OpenJDK 64-Bit Server VM (16.0-b13) for linux-amd64 JRE (1.6.0_18-b18), built on Aug 27 2010 21:07:41 by "buildd" with gcc 4.2.4 (Ubuntu 4.2.4-1ubuntu3)

time: Thu Sep  9 16:35:59 2010
elapsed time: 852 seconds

